Performing C SOURCE FILE Test CMAKE_HAVE_LIBC_PTHREAD failed with the following output:
Change Dir: /home/kduval/f1Tenth_UCSB_2024/build/CMakeFiles/CMakeTmp

Run Build Command(s):/usr/bin/make cmTC_71199/fast && /usr/bin/make -f CMakeFiles/cmTC_71199.dir/build.make CMakeFiles/cmTC_71199.dir/build
make[1]: Entering directory '/home/kduval/f1Tenth_UCSB_2024/build/CMakeFiles/CMakeTmp'
Building C object CMakeFiles/cmTC_71199.dir/src.c.o
/usr/bin/cc   -DCMAKE_HAVE_LIBC_PTHREAD   -o CMakeFiles/cmTC_71199.dir/src.c.o   -c /home/kduval/f1Tenth_UCSB_2024/build/CMakeFiles/CMakeTmp/src.c
Linking C executable cmTC_71199
/usr/bin/cmake -E cmake_link_script CMakeFiles/cmTC_71199.dir/link.txt --verbose=1
/usr/bin/cc  -DCMAKE_HAVE_LIBC_PTHREAD    -rdynamic CMakeFiles/cmTC_71199.dir/src.c.o  -o cmTC_71199 
/usr/bin/ld: CMakeFiles/cmTC_71199.dir/src.c.o: in function `main':
src.c:(.text+0x46): undefined reference to `pthread_create'
/usr/bin/ld: src.c:(.text+0x52): undefined reference to `pthread_detach'
/usr/bin/ld: src.c:(.text+0x63): undefined reference to `pthread_join'
collect2: error: ld returned 1 exit status
make[1]: *** [CMakeFiles/cmTC_71199.dir/build.make:87: cmTC_71199] Error 1
make[1]: Leaving directory '/home/kduval/f1Tenth_UCSB_2024/build/CMakeFiles/CMakeTmp'
make: *** [Makefile:121: cmTC_71199/fast] Error 2


Source file was:
#include <pthread.h>

void* test_func(void* data)
{
  return data;
}

int main(void)
{
  pthread_t thread;
  pthread_create(&thread, NULL, test_func, NULL);
  pthread_detach(thread);
  pthread_join(thread, NULL);
  pthread_atfork(NULL, NULL, NULL);
  pthread_exit(NULL);

  return 0;
}

Determining if the function pthread_create exists in the pthreads failed with the following output:
Change Dir: /home/kduval/f1Tenth_UCSB_2024/build/CMakeFiles/CMakeTmp

Run Build Command(s):/usr/bin/make cmTC_b9e1a/fast && /usr/bin/make -f CMakeFiles/cmTC_b9e1a.dir/build.make CMakeFiles/cmTC_b9e1a.dir/build
make[1]: Entering directory '/home/kduval/f1Tenth_UCSB_2024/build/CMakeFiles/CMakeTmp'
Building C object CMakeFiles/cmTC_b9e1a.dir/CheckFunctionExists.c.o
/usr/bin/cc   -DCHECK_FUNCTION_EXISTS=pthread_create   -o CMakeFiles/cmTC_b9e1a.dir/CheckFunctionExists.c.o   -c /usr/share/cmake-3.16/Modules/CheckFunctionExists.c
Linking C executable cmTC_b9e1a
/usr/bin/cmake -E cmake_link_script CMakeFiles/cmTC_b9e1a.dir/link.txt --verbose=1
/usr/bin/cc  -DCHECK_FUNCTION_EXISTS=pthread_create    -rdynamic CMakeFiles/cmTC_b9e1a.dir/CheckFunctionExists.c.o  -o cmTC_b9e1a  -lpthreads 
/usr/bin/ld: cannot find -lpthreads
collect2: error: ld returned 1 exit status
make[1]: *** [CMakeFiles/cmTC_b9e1a.dir/build.make:87: cmTC_b9e1a] Error 1
make[1]: Leaving directory '/home/kduval/f1Tenth_UCSB_2024/build/CMakeFiles/CMakeTmp'
make: *** [Makefile:121: cmTC_b9e1a/fast] Error 2



Determining if the function sgemm_ exists failed with the following output:
Change Dir: /home/kduval/f1Tenth_UCSB_2024/build/CMakeFiles/CMakeTmp

Run Build Command(s):/usr/bin/make cmTC_9e115/fast && /usr/bin/make -f CMakeFiles/cmTC_9e115.dir/build.make CMakeFiles/cmTC_9e115.dir/build
make[1]: Entering directory '/home/kduval/f1Tenth_UCSB_2024/build/CMakeFiles/CMakeTmp'
Building C object CMakeFiles/cmTC_9e115.dir/CheckFunctionExists.c.o
/usr/bin/cc   -DCHECK_FUNCTION_EXISTS=sgemm_   -o CMakeFiles/cmTC_9e115.dir/CheckFunctionExists.c.o   -c /usr/share/cmake-3.16/Modules/CheckFunctionExists.c
Linking C executable cmTC_9e115
/usr/bin/cmake -E cmake_link_script CMakeFiles/cmTC_9e115.dir/link.txt --verbose=1
/usr/bin/cc  -DCHECK_FUNCTION_EXISTS=sgemm_    CMakeFiles/cmTC_9e115.dir/CheckFunctionExists.c.o  -o cmTC_9e115 
/usr/bin/ld: CMakeFiles/cmTC_9e115.dir/CheckFunctionExists.c.o: in function `main':
CheckFunctionExists.c:(.text+0x14): undefined reference to `sgemm_'
collect2: error: ld returned 1 exit status
make[1]: *** [CMakeFiles/cmTC_9e115.dir/build.make:87: cmTC_9e115] Error 1
make[1]: Leaving directory '/home/kduval/f1Tenth_UCSB_2024/build/CMakeFiles/CMakeTmp'
make: *** [Makefile:121: cmTC_9e115/fast] Error 2



Determining if the function cheev_ exists failed with the following output:
Change Dir: /home/kduval/f1Tenth_UCSB_2024/build/CMakeFiles/CMakeTmp

Run Build Command(s):/usr/bin/make cmTC_8f0f2/fast && /usr/bin/make -f CMakeFiles/cmTC_8f0f2.dir/build.make CMakeFiles/cmTC_8f0f2.dir/build
make[1]: Entering directory '/home/kduval/f1Tenth_UCSB_2024/build/CMakeFiles/CMakeTmp'
Building C object CMakeFiles/cmTC_8f0f2.dir/CheckFunctionExists.c.o
/usr/bin/cc   -DCHECK_FUNCTION_EXISTS=cheev_   -o CMakeFiles/cmTC_8f0f2.dir/CheckFunctionExists.c.o   -c /usr/share/cmake-3.16/Modules/CheckFunctionExists.c
Linking C executable cmTC_8f0f2
/usr/bin/cmake -E cmake_link_script CMakeFiles/cmTC_8f0f2.dir/link.txt --verbose=1
/usr/bin/cc  -DCHECK_FUNCTION_EXISTS=cheev_    CMakeFiles/cmTC_8f0f2.dir/CheckFunctionExists.c.o  -o cmTC_8f0f2  /usr/lib/x86_64-linux-gnu/libblas.so 
/usr/bin/ld: CMakeFiles/cmTC_8f0f2.dir/CheckFunctionExists.c.o: in function `main':
CheckFunctionExists.c:(.text+0x14): undefined reference to `cheev_'
collect2: error: ld returned 1 exit status
make[1]: *** [CMakeFiles/cmTC_8f0f2.dir/build.make:88: cmTC_8f0f2] Error 1
make[1]: Leaving directory '/home/kduval/f1Tenth_UCSB_2024/build/CMakeFiles/CMakeTmp'
make: *** [Makefile:121: cmTC_8f0f2/fast] Error 2



